Arguments: 
  /home/fillipepc/.nvm/versions/node/v10.16.2/bin/node /usr/share/yarn/bin/yarn.js add @react-navigation/native

PATH: 
  /home/fillipepc/.nvm/versions/node/v10.16.2/bin:/usr/local/sbin:/usr/local/bin:/usr/sbin:/usr/bin:/sbin:/bin:/usr/games:/usr/local/games

Yarn version: 
  1.22.4

Node version: 
  10.16.2

Platform: 
  linux x64

Trace: 
  Error: EACCES: permission denied, unlink '/home/fillipepc/Documentos/omnistackprojeto/mobile/node_modules/@egjs/hammerjs/.babelrc'

npm manifest: 
  {
    "main": "node_modules/expo/AppEntry.js",
    "scripts": {
      "start": "expo start",
      "android": "expo start --android",
      "ios": "expo start --ios",
      "web": "expo start --web",
      "eject": "expo eject"
    },
    "dependencies": {
      "@react-native-community/masked-view": "0.1.5",
      "@react-navigation/native": "^5.1.3",
      "@react-navigation/stack": "^5.2.7",
      "expo": "~36.0.0",
      "react": "~16.9.0",
      "react-dom": "~16.9.0",
      "react-native": "https://github.com/expo/react-native/archive/sdk-36.0.0.tar.gz",
      "react-native-gesture-handler": "~1.5.0",
      "react-native-reanimated": "~1.4.0",
      "react-native-safe-area-context": "0.6.0",
      "react-native-screens": "2.0.0-alpha.12",
      "react-native-web": "~0.11.7",
      "expo-constants": "~8.0.0",
      "expo-mail-composer": "~8.0.0"
    },
    "devDependencies": {
      "babel-preset-expo": "~8.0.0",
      "@babel/core": "^7.0.0"
    },
    "private": true
  }

yarn manifest: 
  No manifest

Lockfile: 
  No lockfile
